<?xml version="1.0" encoding="UTF-8"?>
<testsuite name="model.AssistantJackTest" tests="2" skipped="0" failures="0" errors="0" timestamp="2021-02-22T22:25:38" hostname="DEETZBASE" time="0.002">
  <properties/>
  <testcase name="testCheckAnswerSet1" classname="model.AssistantJackTest" time="0.002"/>
  <testcase name="testCheckAnswerSet2" classname="model.AssistantJackTest" time="0.0"/>
  <system-out><![CDATA[]]></system-out>
  <system-err><![CDATA[]]></system-err>
</testsuite>
